-------------------------------------------------------------------------------
Test set: com.project.bookzy.BookzyApplicationTests
-------------------------------------------------------------------------------
Tests run: 1, Failures: 1, Errors: 0, Skipped: 0, Time elapsed: 3.381 s <<< FAILURE! - in com.project.bookzy.BookzyApplicationTests
controllerReturningNotNull  Time elapsed: 0.532 s  <<< FAILURE!
org.opentest4j.AssertionFailedError: expected: not <null>
	at com.project.bookzy.BookzyApplicationTests.controllerReturningNotNull(BookzyApplicationTests.java:17)

